<?xml version="1.0" encoding="UTF-8"?>
<!-- Generated by org.testng.reporters.JUnitXMLReporter -->
<testsuite hostname="MacBook-Marina.local" name="Default test" tests="4" failures="0" timestamp="22 Oct 2015 18:59:38 GMT" time="77.929" errors="0">
  <testcase name="testEmptyContactCreation" time="32.665" classname="com.example.tests.ContactCreationTest"/>
  <testcase name="testnotEmptyContactCreation" time="7.165" classname="com.example.tests.ContactCreationTest"/>
  <testcase name="testEmptyGroupCreation" time="1.924" classname="com.example.tests.GroupCreationTest"/>
  <testcase name="testNonEmptyGroupCreation" time="1.527" classname="com.example.tests.GroupCreationTest"/>
</testsuite> <!-- Default test -->
