<?xml version="1.0" encoding="UTF-8"?>
<testng-results skipped="0" failed="0" total="2" passed="2">
  <reporter-output>
  </reporter-output>
  <suite name="Default suite" duration-ms="40400" started-at="2015-10-19T19:35:37Z" finished-at="2015-10-19T19:36:17Z">
    <groups>
    </groups>
    <test name="Default test" duration-ms="40400" started-at="2015-10-19T19:35:37Z" finished-at="2015-10-19T19:36:17Z">
      <class name="com.example.tests.GroupCreationTest">
        <test-method status="PASS" signature="setUp()[pri:0, instance:com.example.tests.GroupCreationTest@629f0666]" name="setUp" is-config="true" duration-ms="12467" started-at="2015-10-19T22:35:37Z" finished-at="2015-10-19T22:35:50Z">
          <reporter-output>
          </reporter-output>
        </test-method> <!-- setUp -->
        <test-method status="PASS" signature="testEmptyGroupCreation()[pri:0, instance:com.example.tests.GroupCreationTest@629f0666]" name="testEmptyGroupCreation" duration-ms="21451" started-at="2015-10-19T22:35:50Z" finished-at="2015-10-19T22:36:11Z">
          <reporter-output>
          </reporter-output>
        </test-method> <!-- testEmptyGroupCreation -->
        <test-method status="PASS" signature="testNonEmptyGroupCreation()[pri:0, instance:com.example.tests.GroupCreationTest@629f0666]" name="testNonEmptyGroupCreation" duration-ms="5967" started-at="2015-10-19T22:36:11Z" finished-at="2015-10-19T22:36:17Z">
          <reporter-output>
          </reporter-output>
        </test-method> <!-- testNonEmptyGroupCreation -->
        <test-method status="PASS" signature="tearDown()[pri:0, instance:com.example.tests.GroupCreationTest@629f0666]" name="tearDown" is-config="true" duration-ms="409" started-at="2015-10-19T22:36:17Z" finished-at="2015-10-19T22:36:17Z">
          <reporter-output>
          </reporter-output>
        </test-method> <!-- tearDown -->
      </class> <!-- com.example.tests.GroupCreationTest -->
    </test> <!-- Default test -->
  </suite> <!-- Default suite -->
</testng-results>
