<?xml version="1.0" encoding="UTF-8"?>
<testng-results skipped="0" failed="0" total="4" passed="4">
  <reporter-output>
  </reporter-output>
  <suite name="Default suite" duration-ms="20687" started-at="2015-10-14T18:25:33Z" finished-at="2015-10-14T18:25:53Z">
    <groups>
    </groups>
    <test name="Default test" duration-ms="20687" started-at="2015-10-14T18:25:33Z" finished-at="2015-10-14T18:25:53Z">
      <class name="com.example.tests.ContactCreationTest">
        <test-method status="PASS" signature="setUp()[pri:0, instance:com.example.tests.ContactCreationTest@f5f2bb7]" name="setUp" is-config="true" duration-ms="8723" started-at="2015-10-14T21:25:33Z" finished-at="2015-10-14T21:25:41Z">
          <reporter-output>
          </reporter-output>
        </test-method> <!-- setUp -->
        <test-method status="PASS" signature="testEmptyContactCreation()[pri:0, instance:com.example.tests.ContactCreationTest@f5f2bb7]" name="testEmptyContactCreation" duration-ms="2967" started-at="2015-10-14T21:25:41Z" finished-at="2015-10-14T21:25:44Z">
          <reporter-output>
          </reporter-output>
        </test-method> <!-- testEmptyContactCreation -->
        <test-method status="PASS" signature="testnotEmptyContactCreation()[pri:0, instance:com.example.tests.ContactCreationTest@f5f2bb7]" name="testnotEmptyContactCreation" duration-ms="3022" started-at="2015-10-14T21:25:44Z" finished-at="2015-10-14T21:25:47Z">
          <reporter-output>
          </reporter-output>
        </test-method> <!-- testnotEmptyContactCreation -->
        <test-method status="PASS" signature="tearDown()[pri:0, instance:com.example.tests.ContactCreationTest@f5f2bb7]" name="tearDown" is-config="true" duration-ms="259" started-at="2015-10-14T21:25:53Z" finished-at="2015-10-14T21:25:53Z">
          <reporter-output>
          </reporter-output>
        </test-method> <!-- tearDown -->
      </class> <!-- com.example.tests.ContactCreationTest -->
      <class name="com.example.tests.GroupCreationTest">
        <test-method status="PASS" signature="testEmptyGroupCreation()[pri:0, instance:com.example.tests.GroupCreationTest@61443d8f]" name="testEmptyGroupCreation" duration-ms="2011" started-at="2015-10-14T21:25:47Z" finished-at="2015-10-14T21:25:49Z">
          <reporter-output>
          </reporter-output>
        </test-method> <!-- testEmptyGroupCreation -->
        <test-method status="PASS" signature="testNonEmptyGroupCreation()[pri:0, instance:com.example.tests.GroupCreationTest@61443d8f]" name="testNonEmptyGroupCreation" duration-ms="3655" started-at="2015-10-14T21:25:49Z" finished-at="2015-10-14T21:25:53Z">
          <reporter-output>
          </reporter-output>
        </test-method> <!-- testNonEmptyGroupCreation -->
      </class> <!-- com.example.tests.GroupCreationTest -->
    </test> <!-- Default test -->
  </suite> <!-- Default suite -->
</testng-results>
