<?xml version="1.0" encoding="UTF-8"?>
<testng-results skipped="0" failed="0" total="2" passed="2">
  <reporter-output>
  </reporter-output>
  <suite name="Default suite" duration-ms="14678" started-at="2015-10-22T22:09:25Z" finished-at="2015-10-22T22:09:40Z">
    <groups>
    </groups>
    <test name="Default test" duration-ms="14678" started-at="2015-10-22T22:09:25Z" finished-at="2015-10-22T22:09:40Z">
      <class name="com.example.tests.GroupCreationTest">
        <test-method status="PASS" signature="setUp()[pri:0, instance:com.example.tests.GroupCreationTest@629f0666]" name="setUp" is-config="true" duration-ms="10399" started-at="2015-10-23T01:09:25Z" finished-at="2015-10-23T01:09:36Z">
          <reporter-output>
          </reporter-output>
        </test-method> <!-- setUp -->
        <test-method status="PASS" signature="testEmptyGroupCreation()[pri:0, instance:com.example.tests.GroupCreationTest@629f0666]" name="testEmptyGroupCreation" duration-ms="2317" started-at="2015-10-23T01:09:36Z" finished-at="2015-10-23T01:09:38Z">
          <reporter-output>
          </reporter-output>
        </test-method> <!-- testEmptyGroupCreation -->
        <test-method status="PASS" signature="testNonEmptyGroupCreation()[pri:0, instance:com.example.tests.GroupCreationTest@629f0666]" name="testNonEmptyGroupCreation" duration-ms="1616" started-at="2015-10-23T01:09:38Z" finished-at="2015-10-23T01:09:40Z">
          <reporter-output>
          </reporter-output>
        </test-method> <!-- testNonEmptyGroupCreation -->
        <test-method status="PASS" signature="tearDown()[pri:0, instance:com.example.tests.GroupCreationTest@629f0666]" name="tearDown" is-config="true" duration-ms="283" started-at="2015-10-23T01:09:40Z" finished-at="2015-10-23T01:09:40Z">
          <reporter-output>
          </reporter-output>
        </test-method> <!-- tearDown -->
      </class> <!-- com.example.tests.GroupCreationTest -->
    </test> <!-- Default test -->
  </suite> <!-- Default suite -->
</testng-results>
