<?xml version="1.0" encoding="UTF-8"?>
<testng-results skipped="0" failed="0" total="6" passed="6">
  <reporter-output>
  </reporter-output>
  <suite name="Default suite" duration-ms="41167" started-at="2015-10-23T14:07:15Z" finished-at="2015-10-23T14:07:56Z">
    <groups>
    </groups>
    <test name="Default test" duration-ms="41167" started-at="2015-10-23T14:07:15Z" finished-at="2015-10-23T14:07:56Z">
      <class name="com.example.tests.ContactCreationTest">
        <test-method status="PASS" signature="setUp()[pri:0, instance:com.example.tests.ContactCreationTest@282ba1e]" name="setUp" is-config="true" duration-ms="15375" started-at="2015-10-23T17:07:15Z" finished-at="2015-10-23T17:07:30Z">
          <reporter-output>
          </reporter-output>
        </test-method> <!-- setUp -->
        <test-method status="PASS" signature="testEmptyContactCreation()[pri:0, instance:com.example.tests.ContactCreationTest@282ba1e]" name="testEmptyContactCreation" duration-ms="14834" started-at="2015-10-23T17:07:30Z" finished-at="2015-10-23T17:07:45Z">
          <reporter-output>
          </reporter-output>
        </test-method> <!-- testEmptyContactCreation -->
        <test-method status="PASS" signature="testnotEmptyContactCreation()[pri:0, instance:com.example.tests.ContactCreationTest@282ba1e]" name="testnotEmptyContactCreation" duration-ms="4124" started-at="2015-10-23T17:07:45Z" finished-at="2015-10-23T17:07:49Z">
          <reporter-output>
          </reporter-output>
        </test-method> <!-- testnotEmptyContactCreation -->
        <test-method status="PASS" signature="tearDown()[pri:0, instance:com.example.tests.ContactCreationTest@282ba1e]" name="tearDown" is-config="true" duration-ms="453" started-at="2015-10-23T17:07:55Z" finished-at="2015-10-23T17:07:56Z">
          <reporter-output>
          </reporter-output>
        </test-method> <!-- tearDown -->
      </class> <!-- com.example.tests.ContactCreationTest -->
      <class name="com.example.tests.GroupModificationTests">
        <test-method status="PASS" signature="modifySomeGroups()[pri:0, instance:com.example.tests.GroupModificationTests@591f989e]" name="modifySomeGroups" duration-ms="2012" started-at="2015-10-23T17:07:49Z" finished-at="2015-10-23T17:07:51Z">
          <reporter-output>
          </reporter-output>
        </test-method> <!-- modifySomeGroups -->
      </class> <!-- com.example.tests.GroupModificationTests -->
      <class name="com.example.tests.GroupCreationTest">
        <test-method status="PASS" signature="testEmptyGroupCreation()[pri:0, instance:com.example.tests.GroupCreationTest@61443d8f]" name="testEmptyGroupCreation" duration-ms="1546" started-at="2015-10-23T17:07:51Z" finished-at="2015-10-23T17:07:52Z">
          <reporter-output>
          </reporter-output>
        </test-method> <!-- testEmptyGroupCreation -->
        <test-method status="PASS" signature="testNonEmptyGroupCreation()[pri:0, instance:com.example.tests.GroupCreationTest@61443d8f]" name="testNonEmptyGroupCreation" duration-ms="1339" started-at="2015-10-23T17:07:52Z" finished-at="2015-10-23T17:07:54Z">
          <reporter-output>
          </reporter-output>
        </test-method> <!-- testNonEmptyGroupCreation -->
      </class> <!-- com.example.tests.GroupCreationTest -->
      <class name="com.example.tests.GroupRemovalTests">
        <test-method status="PASS" signature="deleteSomeGroup()[pri:0, instance:com.example.tests.GroupRemovalTests@66048bfd]" name="deleteSomeGroup" duration-ms="1377" started-at="2015-10-23T17:07:54Z" finished-at="2015-10-23T17:07:55Z">
          <reporter-output>
          </reporter-output>
        </test-method> <!-- deleteSomeGroup -->
      </class> <!-- com.example.tests.GroupRemovalTests -->
    </test> <!-- Default test -->
  </suite> <!-- Default suite -->
</testng-results>
