<?xml version="1.0" encoding="UTF-8"?>
<testng-results skipped="0" failed="0" total="25" passed="25">
  <reporter-output>
  </reporter-output>
  <suite name="Default suite" duration-ms="110074" started-at="2015-11-04T13:32:05Z" finished-at="2015-11-04T13:33:55Z">
    <groups>
    </groups>
    <test name="Default test" duration-ms="110074" started-at="2015-11-04T13:32:05Z" finished-at="2015-11-04T13:33:55Z">
      <class name="com.example.tests.ContactCreationTest">
        <test-method status="PASS" signature="setUp()[pri:0, instance:com.example.tests.ContactCreationTest@483bf400]" name="setUp" is-config="true" duration-ms="18261" started-at="2015-11-04T16:32:05Z" finished-at="2015-11-04T16:32:24Z">
          <reporter-output>
          </reporter-output>
        </test-method> <!-- setUp -->
        <test-method status="PASS" signature="ContactCreationwithValidData(com.example.tests.ContactData)[pri:0, instance:com.example.tests.ContactCreationTest@483bf400]" name="ContactCreationwithValidData" duration-ms="10348" started-at="2015-11-04T16:32:24Z" data-provider="randomValidContactgenerator" finished-at="2015-11-04T16:32:34Z">
          <params>
            <param index="0">
              <value>
                <![CDATA[ContactData [firstName=l6sh11Elyv, lastName=]]]>
              </value>
            </param>
          </params>
          <reporter-output>
          </reporter-output>
        </test-method> <!-- ContactCreationwithValidData -->
        <test-method status="PASS" signature="ContactCreationwithValidData(com.example.tests.ContactData)[pri:0, instance:com.example.tests.ContactCreationTest@483bf400]" name="ContactCreationwithValidData" duration-ms="7070" started-at="2015-11-04T16:32:34Z" data-provider="randomValidContactgenerator" finished-at="2015-11-04T16:32:41Z">
          <params>
            <param index="0">
              <value>
                <![CDATA[ContactData [firstName=, lastName=]]]>
              </value>
            </param>
          </params>
          <reporter-output>
          </reporter-output>
        </test-method> <!-- ContactCreationwithValidData -->
        <test-method status="PASS" signature="ContactCreationwithValidData(com.example.tests.ContactData)[pri:0, instance:com.example.tests.ContactCreationTest@483bf400]" name="ContactCreationwithValidData" duration-ms="4987" started-at="2015-11-04T16:32:41Z" data-provider="randomValidContactgenerator" finished-at="2015-11-04T16:32:46Z">
          <params>
            <param index="0">
              <value>
                <![CDATA[ContactData [firstName=B370j&w0((, lastName=h83h5qt9Dq]]]>
              </value>
            </param>
          </params>
          <reporter-output>
          </reporter-output>
        </test-method> <!-- ContactCreationwithValidData -->
        <test-method status="PASS" signature="ContactCreationwithValidData(com.example.tests.ContactData)[pri:0, instance:com.example.tests.ContactCreationTest@483bf400]" name="ContactCreationwithValidData" duration-ms="5215" started-at="2015-11-04T16:32:46Z" data-provider="randomValidContactgenerator" finished-at="2015-11-04T16:32:51Z">
          <params>
            <param index="0">
              <value>
                <![CDATA[ContactData [firstName=w1siz1!(1o, lastName=8o1m5E89$&]]]>
              </value>
            </param>
          </params>
          <reporter-output>
          </reporter-output>
        </test-method> <!-- ContactCreationwithValidData -->
        <test-method status="PASS" signature="ContactCreationwithValidData(com.example.tests.ContactData)[pri:0, instance:com.example.tests.ContactCreationTest@483bf400]" name="ContactCreationwithValidData" duration-ms="6196" started-at="2015-11-04T16:32:51Z" data-provider="randomValidContactgenerator" finished-at="2015-11-04T16:32:58Z">
          <params>
            <param index="0">
              <value>
                <![CDATA[ContactData [firstName=xlwz#trx95, lastName=*#731o&mo±]]]>
              </value>
            </param>
          </params>
          <reporter-output>
          </reporter-output>
        </test-method> <!-- ContactCreationwithValidData -->
        <test-method status="PASS" signature="tearDown()[pri:0, instance:com.example.tests.ContactCreationTest@483bf400]" name="tearDown" is-config="true" duration-ms="348" started-at="2015-11-04T16:33:55Z" finished-at="2015-11-04T16:33:55Z">
          <reporter-output>
          </reporter-output>
        </test-method> <!-- tearDown -->
      </class> <!-- com.example.tests.ContactCreationTest -->
      <class name="com.example.tests.ContactRemovalTest">
        <test-method status="PASS" signature="deletesomecontact()[pri:0, instance:com.example.tests.ContactRemovalTest@33a10788]" name="deletesomecontact" duration-ms="3762" started-at="2015-11-04T16:33:26Z" finished-at="2015-11-04T16:33:30Z">
          <reporter-output>
          </reporter-output>
        </test-method> <!-- deletesomecontact -->
      </class> <!-- com.example.tests.ContactRemovalTest -->
      <class name="com.example.tests.GroupModificationTests">
        <test-method status="PASS" signature="modifySomeGroups(com.example.tests.GroupData)[pri:0, instance:com.example.tests.GroupModificationTests@61a52fbd]" name="modifySomeGroups" duration-ms="2482" started-at="2015-11-04T16:32:58Z" data-provider="randomValidGroupsGenerator" finished-at="2015-11-04T16:33:00Z">
          <params>
            <param index="0">
              <value>
                <![CDATA[GroupData [groupname=8)sjt#itFE, header=kn3ri0n3E#, footer=$G6i1CE8&v]]]>
              </value>
            </param>
          </params>
          <reporter-output>
          </reporter-output>
        </test-method> <!-- modifySomeGroups -->
        <test-method status="PASS" signature="modifySomeGroups(com.example.tests.GroupData)[pri:0, instance:com.example.tests.GroupModificationTests@61a52fbd]" name="modifySomeGroups" duration-ms="2070" started-at="2015-11-04T16:33:00Z" data-provider="randomValidGroupsGenerator" finished-at="2015-11-04T16:33:02Z">
          <params>
            <param index="0">
              <value>
                <![CDATA[GroupData [groupname=, header=, footer=@jqx276!$x]]]>
              </value>
            </param>
          </params>
          <reporter-output>
          </reporter-output>
        </test-method> <!-- modifySomeGroups -->
        <test-method status="PASS" signature="modifySomeGroups(com.example.tests.GroupData)[pri:0, instance:com.example.tests.GroupModificationTests@61a52fbd]" name="modifySomeGroups" duration-ms="2001" started-at="2015-11-04T16:33:02Z" data-provider="randomValidGroupsGenerator" finished-at="2015-11-04T16:33:04Z">
          <params>
            <param index="0">
              <value>
                <![CDATA[GroupData [groupname=vo)sx(*zm(, header=, footer=zmjvm#iAGC]]]>
              </value>
            </param>
          </params>
          <reporter-output>
          </reporter-output>
        </test-method> <!-- modifySomeGroups -->
        <test-method status="PASS" signature="modifySomeGroups(com.example.tests.GroupData)[pri:0, instance:com.example.tests.GroupModificationTests@61a52fbd]" name="modifySomeGroups" duration-ms="2285" started-at="2015-11-04T16:33:04Z" data-provider="randomValidGroupsGenerator" finished-at="2015-11-04T16:33:06Z">
          <params>
            <param index="0">
              <value>
                <![CDATA[GroupData [groupname=ixvBC@0wEC, header=, footer=06s±up%1qC]]]>
              </value>
            </param>
          </params>
          <reporter-output>
          </reporter-output>
        </test-method> <!-- modifySomeGroups -->
        <test-method status="PASS" signature="modifySomeGroups(com.example.tests.GroupData)[pri:0, instance:com.example.tests.GroupModificationTests@61a52fbd]" name="modifySomeGroups" duration-ms="2150" started-at="2015-11-04T16:33:06Z" data-provider="randomValidGroupsGenerator" finished-at="2015-11-04T16:33:09Z">
          <params>
            <param index="0">
              <value>
                <![CDATA[GroupData [groupname=, header=, footer=3!xC)4ruww]]]>
              </value>
            </param>
          </params>
          <reporter-output>
          </reporter-output>
        </test-method> <!-- modifySomeGroups -->
        <test-method status="PASS" signature="modifySomeGroups(com.example.tests.GroupData)[pri:0, instance:com.example.tests.GroupModificationTests@61a52fbd]" name="modifySomeGroups" duration-ms="2017" started-at="2015-11-04T16:33:09Z" data-provider="randomValidGroupsGenerator" finished-at="2015-11-04T16:33:11Z">
          <params>
            <param index="0">
              <value>
                <![CDATA[GroupData [groupname=Aph2Fpzvq#, header=1lEwo%p9(@, footer=AD!&r*G!0$]]]>
              </value>
            </param>
          </params>
          <reporter-output>
          </reporter-output>
        </test-method> <!-- modifySomeGroups -->
      </class> <!-- com.example.tests.GroupModificationTests -->
      <class name="com.example.tests.GroupCreationTest">
        <test-method status="PASS" signature="testGroupCreationWithInvalidData()[pri:0, instance:com.example.tests.GroupCreationTest@63d4e2ba]" name="testGroupCreationWithInvalidData" duration-ms="2168" started-at="2015-11-04T16:33:11Z" finished-at="2015-11-04T16:33:13Z">
          <reporter-output>
          </reporter-output>
        </test-method> <!-- testGroupCreationWithInvalidData -->
        <test-method status="PASS" signature="testGroupCreationWithValidData(com.example.tests.GroupData)[pri:0, instance:com.example.tests.GroupCreationTest@63d4e2ba]" name="testGroupCreationWithValidData" duration-ms="1925" started-at="2015-11-04T16:33:13Z" data-provider="randomValidGroupsGenerator" finished-at="2015-11-04T16:33:15Z">
          <params>
            <param index="0">
              <value>
                <![CDATA[GroupData [groupname=23±%*2@h9n, header=rv4Ci0)ii7, footer=GC±rj#FEou]]]>
              </value>
            </param>
          </params>
          <reporter-output>
          </reporter-output>
        </test-method> <!-- testGroupCreationWithValidData -->
        <test-method status="PASS" signature="testGroupCreationWithValidData(com.example.tests.GroupData)[pri:0, instance:com.example.tests.GroupCreationTest@63d4e2ba]" name="testGroupCreationWithValidData" duration-ms="2414" started-at="2015-11-04T16:33:15Z" data-provider="randomValidGroupsGenerator" finished-at="2015-11-04T16:33:17Z">
          <params>
            <param index="0">
              <value>
                <![CDATA[GroupData [groupname=, header=qoiw(7!np), footer=]]]>
              </value>
            </param>
          </params>
          <reporter-output>
          </reporter-output>
        </test-method> <!-- testGroupCreationWithValidData -->
        <test-method status="PASS" signature="testGroupCreationWithValidData(com.example.tests.GroupData)[pri:0, instance:com.example.tests.GroupCreationTest@63d4e2ba]" name="testGroupCreationWithValidData" duration-ms="2255" started-at="2015-11-04T16:33:17Z" data-provider="randomValidGroupsGenerator" finished-at="2015-11-04T16:33:19Z">
          <params>
            <param index="0">
              <value>
                <![CDATA[GroupData [groupname=, header=(nEi5±nh)7, footer=]]]>
              </value>
            </param>
          </params>
          <reporter-output>
          </reporter-output>
        </test-method> <!-- testGroupCreationWithValidData -->
        <test-method status="PASS" signature="testGroupCreationWithValidData(com.example.tests.GroupData)[pri:0, instance:com.example.tests.GroupCreationTest@63d4e2ba]" name="testGroupCreationWithValidData" duration-ms="2830" started-at="2015-11-04T16:33:19Z" data-provider="randomValidGroupsGenerator" finished-at="2015-11-04T16:33:22Z">
          <params>
            <param index="0">
              <value>
                <![CDATA[GroupData [groupname=ot)iu@G4±k, header=, footer=8hl$EjF53E]]]>
              </value>
            </param>
          </params>
          <reporter-output>
          </reporter-output>
        </test-method> <!-- testGroupCreationWithValidData -->
        <test-method status="PASS" signature="testGroupCreationWithValidData(com.example.tests.GroupData)[pri:0, instance:com.example.tests.GroupCreationTest@63d4e2ba]" name="testGroupCreationWithValidData" duration-ms="1989" started-at="2015-11-04T16:33:22Z" data-provider="randomValidGroupsGenerator" finished-at="2015-11-04T16:33:24Z">
          <params>
            <param index="0">
              <value>
                <![CDATA[GroupData [groupname=, header=, footer=]]]>
              </value>
            </param>
          </params>
          <reporter-output>
          </reporter-output>
        </test-method> <!-- testGroupCreationWithValidData -->
        <test-method status="PASS" signature="testGroupCreationWithValidData(com.example.tests.GroupData)[pri:0, instance:com.example.tests.GroupCreationTest@63d4e2ba]" name="testGroupCreationWithValidData" duration-ms="2334" started-at="2015-11-04T16:33:24Z" data-provider="randomValidGroupsGenerator" finished-at="2015-11-04T16:33:26Z">
          <params>
            <param index="0">
              <value>
                <![CDATA[GroupData [groupname=, header=s80o480sys, footer=!x6BxyCx$2]]]>
              </value>
            </param>
          </params>
          <reporter-output>
          </reporter-output>
        </test-method> <!-- testGroupCreationWithValidData -->
      </class> <!-- com.example.tests.GroupCreationTest -->
      <class name="com.example.tests.ContactModificationTest">
        <test-method status="PASS" signature="modifySomeContact(com.example.tests.ContactData)[pri:0, instance:com.example.tests.ContactModificationTest@7006c658]" name="modifySomeContact" duration-ms="4598" started-at="2015-11-04T16:33:32Z" data-provider="randomValidContactgeneratorWithoutGroupName" finished-at="2015-11-04T16:33:37Z">
          <params>
            <param index="0">
              <value>
                <![CDATA[ContactData [firstName=230)%u75)±, lastName=]]]>
              </value>
            </param>
          </params>
          <reporter-output>
          </reporter-output>
        </test-method> <!-- modifySomeContact -->
        <test-method status="PASS" signature="modifySomeContact(com.example.tests.ContactData)[pri:0, instance:com.example.tests.ContactModificationTest@7006c658]" name="modifySomeContact" duration-ms="4845" started-at="2015-11-04T16:33:37Z" data-provider="randomValidContactgeneratorWithoutGroupName" finished-at="2015-11-04T16:33:42Z">
          <params>
            <param index="0">
              <value>
                <![CDATA[ContactData [firstName=*3rr%8u#76, lastName=hytwi4tu92]]]>
              </value>
            </param>
          </params>
          <reporter-output>
          </reporter-output>
        </test-method> <!-- modifySomeContact -->
        <test-method status="PASS" signature="modifySomeContact(com.example.tests.ContactData)[pri:0, instance:com.example.tests.ContactModificationTest@7006c658]" name="modifySomeContact" duration-ms="4528" started-at="2015-11-04T16:33:42Z" data-provider="randomValidContactgeneratorWithoutGroupName" finished-at="2015-11-04T16:33:46Z">
          <params>
            <param index="0">
              <value>
                <![CDATA[ContactData [firstName=o6vj5%rjv6, lastName=pn4ujo%l7&]]]>
              </value>
            </param>
          </params>
          <reporter-output>
          </reporter-output>
        </test-method> <!-- modifySomeContact -->
        <test-method status="PASS" signature="modifySomeContact(com.example.tests.ContactData)[pri:0, instance:com.example.tests.ContactModificationTest@7006c658]" name="modifySomeContact" duration-ms="4274" started-at="2015-11-04T16:33:46Z" data-provider="randomValidContactgeneratorWithoutGroupName" finished-at="2015-11-04T16:33:50Z">
          <params>
            <param index="0">
              <value>
                <![CDATA[ContactData [firstName=, lastName=]]]>
              </value>
            </param>
          </params>
          <reporter-output>
          </reporter-output>
        </test-method> <!-- modifySomeContact -->
        <test-method status="PASS" signature="modifySomeContact(com.example.tests.ContactData)[pri:0, instance:com.example.tests.ContactModificationTest@7006c658]" name="modifySomeContact" duration-ms="4743" started-at="2015-11-04T16:33:50Z" data-provider="randomValidContactgeneratorWithoutGroupName" finished-at="2015-11-04T16:33:55Z">
          <params>
            <param index="0">
              <value>
                <![CDATA[ContactData [firstName=)F%iEs*!E@, lastName=]]]>
              </value>
            </param>
          </params>
          <reporter-output>
          </reporter-output>
        </test-method> <!-- modifySomeContact -->
      </class> <!-- com.example.tests.ContactModificationTest -->
      <class name="com.example.tests.GroupRemovalTests">
        <test-method status="PASS" signature="deleteSomeGroup()[pri:0, instance:com.example.tests.GroupRemovalTests@233c0b17]" name="deleteSomeGroup" duration-ms="1875" started-at="2015-11-04T16:33:30Z" finished-at="2015-11-04T16:33:32Z">
          <reporter-output>
          </reporter-output>
        </test-method> <!-- deleteSomeGroup -->
      </class> <!-- com.example.tests.GroupRemovalTests -->
    </test> <!-- Default test -->
  </suite> <!-- Default suite -->
</testng-results>
