<?xml version="1.0" encoding="UTF-8"?>
<testng-results skipped="0" failed="0" total="2" passed="2">
  <reporter-output>
  </reporter-output>
  <suite name="Default suite" duration-ms="17514" started-at="2015-10-22T22:06:31Z" finished-at="2015-10-22T22:06:48Z">
    <groups>
    </groups>
    <test name="Default test" duration-ms="17514" started-at="2015-10-22T22:06:31Z" finished-at="2015-10-22T22:06:48Z">
      <class name="com.example.tests.ContactCreationTest">
        <test-method status="PASS" signature="setUp()[pri:0, instance:com.example.tests.ContactCreationTest@629f0666]" name="setUp" is-config="true" duration-ms="10013" started-at="2015-10-23T01:06:31Z" finished-at="2015-10-23T01:06:41Z">
          <reporter-output>
          </reporter-output>
        </test-method> <!-- setUp -->
        <test-method status="PASS" signature="testEmptyContactCreation()[pri:0, instance:com.example.tests.ContactCreationTest@629f0666]" name="testEmptyContactCreation" duration-ms="3220" started-at="2015-10-23T01:06:41Z" finished-at="2015-10-23T01:06:44Z">
          <reporter-output>
          </reporter-output>
        </test-method> <!-- testEmptyContactCreation -->
        <test-method status="PASS" signature="testnotEmptyContactCreation()[pri:0, instance:com.example.tests.ContactCreationTest@629f0666]" name="testnotEmptyContactCreation" duration-ms="3870" started-at="2015-10-23T01:06:44Z" finished-at="2015-10-23T01:06:48Z">
          <reporter-output>
          </reporter-output>
        </test-method> <!-- testnotEmptyContactCreation -->
        <test-method status="PASS" signature="tearDown()[pri:0, instance:com.example.tests.ContactCreationTest@629f0666]" name="tearDown" is-config="true" duration-ms="317" started-at="2015-10-23T01:06:48Z" finished-at="2015-10-23T01:06:48Z">
          <reporter-output>
          </reporter-output>
        </test-method> <!-- tearDown -->
      </class> <!-- com.example.tests.ContactCreationTest -->
    </test> <!-- Default test -->
  </suite> <!-- Default suite -->
</testng-results>
