<?xml version="1.0" encoding="UTF-8"?>
<testng-results skipped="0" failed="0" total="4" passed="4">
  <reporter-output>
  </reporter-output>
  <suite name="Default suite" duration-ms="35950" started-at="2015-10-14T18:01:13Z" finished-at="2015-10-14T18:01:49Z">
    <groups>
    </groups>
    <test name="Default test" duration-ms="35950" started-at="2015-10-14T18:01:13Z" finished-at="2015-10-14T18:01:49Z">
      <class name="com.example.tests.ContactCreationTest">
        <test-method status="PASS" signature="setUp()[pri:0, instance:com.example.tests.ContactCreationTest@326de728]" name="setUp" is-config="true" duration-ms="12177" started-at="2015-10-14T21:01:13Z" finished-at="2015-10-14T21:01:25Z">
          <reporter-output>
          </reporter-output>
        </test-method> <!-- setUp -->
        <test-method status="PASS" signature="testEmptyContactCreation()[pri:0, instance:com.example.tests.ContactCreationTest@326de728]" name="testEmptyContactCreation" duration-ms="4842" started-at="2015-10-14T21:01:25Z" finished-at="2015-10-14T21:01:30Z">
          <reporter-output>
          </reporter-output>
        </test-method> <!-- testEmptyContactCreation -->
        <test-method status="PASS" signature="testnotEmptyContactCreation()[pri:0, instance:com.example.tests.ContactCreationTest@326de728]" name="testnotEmptyContactCreation" duration-ms="5067" started-at="2015-10-14T21:01:30Z" finished-at="2015-10-14T21:01:35Z">
          <reporter-output>
          </reporter-output>
        </test-method> <!-- testnotEmptyContactCreation -->
        <test-method status="PASS" signature="tearDown()[pri:0, instance:com.example.tests.ContactCreationTest@326de728]" name="tearDown" is-config="true" duration-ms="389" started-at="2015-10-14T21:01:35Z" finished-at="2015-10-14T21:01:35Z">
          <reporter-output>
          </reporter-output>
        </test-method> <!-- tearDown -->
      </class> <!-- com.example.tests.ContactCreationTest -->
      <class name="com.example.tests.GroupCreationTest">
        <test-method status="PASS" signature="setUp()[pri:0, instance:com.example.tests.GroupCreationTest@7006c658]" name="setUp" is-config="true" duration-ms="9893" started-at="2015-10-14T21:01:35Z" finished-at="2015-10-14T21:01:45Z">
          <reporter-output>
          </reporter-output>
        </test-method> <!-- setUp -->
        <test-method status="PASS" signature="testEmptyGroupCreation()[pri:0, instance:com.example.tests.GroupCreationTest@7006c658]" name="testEmptyGroupCreation" duration-ms="2102" started-at="2015-10-14T21:01:45Z" finished-at="2015-10-14T21:01:47Z">
          <reporter-output>
          </reporter-output>
        </test-method> <!-- testEmptyGroupCreation -->
        <test-method status="PASS" signature="testNonEmptyGroupCreation()[pri:0, instance:com.example.tests.GroupCreationTest@7006c658]" name="testNonEmptyGroupCreation" duration-ms="1241" started-at="2015-10-14T21:01:47Z" finished-at="2015-10-14T21:01:48Z">
          <reporter-output>
          </reporter-output>
        </test-method> <!-- testNonEmptyGroupCreation -->
        <test-method status="PASS" signature="tearDown()[pri:0, instance:com.example.tests.GroupCreationTest@7006c658]" name="tearDown" is-config="true" duration-ms="194" started-at="2015-10-14T21:01:48Z" finished-at="2015-10-14T21:01:49Z">
          <reporter-output>
          </reporter-output>
        </test-method> <!-- tearDown -->
      </class> <!-- com.example.tests.GroupCreationTest -->
    </test> <!-- Default test -->
  </suite> <!-- Default suite -->
</testng-results>
