<?xml version="1.0" encoding="UTF-8"?>
<!-- Generated by org.testng.reporters.JUnitXMLReporter -->
<testsuite hostname="MacBook-Marina.local" name="Default test" tests="25" failures="0" timestamp="4 Nov 2015 13:33:56 GMT" time="110.074" errors="0">
  <testcase name="ContactCreationwithValidData" time="10.348" classname="com.example.tests.ContactCreationTest"/>
  <testcase name="ContactCreationwithValidData" time="7.07" classname="com.example.tests.ContactCreationTest"/>
  <testcase name="ContactCreationwithValidData" time="4.987" classname="com.example.tests.ContactCreationTest"/>
  <testcase name="ContactCreationwithValidData" time="5.215" classname="com.example.tests.ContactCreationTest"/>
  <testcase name="ContactCreationwithValidData" time="6.196" classname="com.example.tests.ContactCreationTest"/>
  <testcase name="modifySomeGroups" time="2.482" classname="com.example.tests.GroupModificationTests"/>
  <testcase name="modifySomeGroups" time="2.07" classname="com.example.tests.GroupModificationTests"/>
  <testcase name="modifySomeGroups" time="2.001" classname="com.example.tests.GroupModificationTests"/>
  <testcase name="modifySomeGroups" time="2.285" classname="com.example.tests.GroupModificationTests"/>
  <testcase name="modifySomeGroups" time="2.15" classname="com.example.tests.GroupModificationTests"/>
  <testcase name="modifySomeGroups" time="2.017" classname="com.example.tests.GroupModificationTests"/>
  <testcase name="testGroupCreationWithInvalidData" time="2.168" classname="com.example.tests.GroupCreationTest"/>
  <testcase name="testGroupCreationWithValidData" time="1.925" classname="com.example.tests.GroupCreationTest"/>
  <testcase name="testGroupCreationWithValidData" time="2.414" classname="com.example.tests.GroupCreationTest"/>
  <testcase name="testGroupCreationWithValidData" time="2.255" classname="com.example.tests.GroupCreationTest"/>
  <testcase name="testGroupCreationWithValidData" time="2.83" classname="com.example.tests.GroupCreationTest"/>
  <testcase name="testGroupCreationWithValidData" time="1.989" classname="com.example.tests.GroupCreationTest"/>
  <testcase name="testGroupCreationWithValidData" time="2.334" classname="com.example.tests.GroupCreationTest"/>
  <testcase name="deletesomecontact" time="3.762" classname="com.example.tests.ContactRemovalTest"/>
  <testcase name="deleteSomeGroup" time="1.875" classname="com.example.tests.GroupRemovalTests"/>
  <testcase name="modifySomeContact" time="4.598" classname="com.example.tests.ContactModificationTest"/>
  <testcase name="modifySomeContact" time="4.845" classname="com.example.tests.ContactModificationTest"/>
  <testcase name="modifySomeContact" time="4.528" classname="com.example.tests.ContactModificationTest"/>
  <testcase name="modifySomeContact" time="4.274" classname="com.example.tests.ContactModificationTest"/>
  <testcase name="modifySomeContact" time="4.743" classname="com.example.tests.ContactModificationTest"/>
</testsuite> <!-- Default test -->
