<?xml version="1.0" encoding="UTF-8"?>
<testng-results skipped="0" failed="0" total="4" passed="4">
  <reporter-output>
  </reporter-output>
  <suite name="Default suite" duration-ms="77929" started-at="2015-10-22T18:58:19Z" finished-at="2015-10-22T18:59:37Z">
    <groups>
    </groups>
    <test name="Default test" duration-ms="77929" started-at="2015-10-22T18:58:19Z" finished-at="2015-10-22T18:59:37Z">
      <class name="com.example.tests.ContactCreationTest">
        <test-method status="PASS" signature="testEmptyContactCreation()[pri:0, instance:com.example.tests.ContactCreationTest@61443d8f]" name="testEmptyContactCreation" duration-ms="32665" started-at="2015-10-22T21:58:52Z" finished-at="2015-10-22T21:59:25Z">
          <reporter-output>
          </reporter-output>
        </test-method> <!-- testEmptyContactCreation -->
        <test-method status="PASS" signature="testnotEmptyContactCreation()[pri:0, instance:com.example.tests.ContactCreationTest@61443d8f]" name="testnotEmptyContactCreation" duration-ms="7165" started-at="2015-10-22T21:59:25Z" finished-at="2015-10-22T21:59:32Z">
          <reporter-output>
          </reporter-output>
        </test-method> <!-- testnotEmptyContactCreation -->
      </class> <!-- com.example.tests.ContactCreationTest -->
      <class name="com.example.tests.GroupCreationTest">
        <test-method status="PASS" signature="testEmptyGroupCreation()[pri:0, instance:com.example.tests.GroupCreationTest@445b84c0]" name="testEmptyGroupCreation" duration-ms="1924" started-at="2015-10-22T21:59:32Z" finished-at="2015-10-22T21:59:34Z">
          <reporter-output>
          </reporter-output>
        </test-method> <!-- testEmptyGroupCreation -->
        <test-method status="PASS" signature="testNonEmptyGroupCreation()[pri:0, instance:com.example.tests.GroupCreationTest@445b84c0]" name="testNonEmptyGroupCreation" duration-ms="1527" started-at="2015-10-22T21:59:34Z" finished-at="2015-10-22T21:59:35Z">
          <reporter-output>
          </reporter-output>
        </test-method> <!-- testNonEmptyGroupCreation -->
      </class> <!-- com.example.tests.GroupCreationTest -->
      <class name="com.example.tests.TestBase">
        <test-method status="PASS" signature="setUp()[pri:0, instance:com.example.tests.TestBase@5474c6c]" name="setUp" is-config="true" duration-ms="32675" started-at="2015-10-22T21:58:19Z" finished-at="2015-10-22T21:58:51Z">
          <reporter-output>
          </reporter-output>
        </test-method> <!-- setUp -->
        <test-method status="PASS" signature="tearDown()[pri:0, instance:com.example.tests.TestBase@5474c6c]" name="tearDown" is-config="true" duration-ms="1333" started-at="2015-10-22T21:59:35Z" finished-at="2015-10-22T21:59:37Z">
          <reporter-output>
          </reporter-output>
        </test-method> <!-- tearDown -->
      </class> <!-- com.example.tests.TestBase -->
    </test> <!-- Default test -->
  </suite> <!-- Default suite -->
</testng-results>
